Flow report for coursework
Sat May 02 14:02:11 2026
Quartus II Version 9.1 Build 222 10/21/2009 SJ Web Edition


---------------------
; Table of Contents ;
---------------------
  1. Legal Notice
  2. Flow Summary
  3. Flow Settings
  4. Flow Non-Default Global Settings
  5. Flow Elapsed Time
  6. Flow OS Summary
  7. Flow Log



----------------
; Legal Notice ;
----------------
Copyright (C) 1991-2009 Altera Corporation
Your use of Altera Corporation's design tools, logic functions 
and other software and tools, and its AMPP partner logic 
functions, and any output files from any of the foregoing 
(including device programming or simulation files), and any 
associated documentation or information are expressly subject 
to the terms and conditions of the Altera Program License 
Subscription Agreement, Altera MegaCore Function License 
Agreement, or other applicable license agreement, including, 
without limitation, that your use is for the sole purpose of 
programming logic devices manufactured by Altera and sold by 
Altera or its authorized distributors.  Please refer to the 
applicable agreement for further details.



+------------------------------------------------------------------------------+
; Flow Summary                                                                 ;
+------------------------------------+-----------------------------------------+
; Flow Status                        ; Successful - Sat May 02 14:02:11 2026   ;
; Quartus II Version                 ; 9.1 Build 222 10/21/2009 SJ Web Edition ;
; Revision Name                      ; coursework                              ;
; Top-level Entity Name              ; microcomputer_top                       ;
; Family                             ; Cyclone II                              ;
; Met timing requirements            ; Yes                                     ;
; Total logic elements               ; 3,801 / 4,608 ( 82 % )                  ;
;     Total combinational functions  ; 2,430 / 4,608 ( 53 % )                  ;
;     Dedicated logic registers      ; 2,104 / 4,608 ( 46 % )                  ;
; Total registers                    ; 2104                                    ;
; Total pins                         ; 22 / 89 ( 25 % )                        ;
; Total virtual pins                 ; 0                                       ;
; Total memory bits                  ; 6,912 / 119,808 ( 6 % )                 ;
; Embedded Multiplier 9-bit elements ; 0 / 26 ( 0 % )                          ;
; Total PLLs                         ; 0 / 2 ( 0 % )                           ;
; Device                             ; EP2C5T144C6                             ;
; Timing Models                      ; Final                                   ;
+------------------------------------+-----------------------------------------+


+-----------------------------------------+
; Flow Settings                           ;
+-------------------+---------------------+
; Option            ; Setting             ;
+-------------------+---------------------+
; Start date & time ; 05/02/2026 14:01:37 ;
; Main task         ; Compilation         ;
; Revision Name     ; coursework          ;
+-------------------+---------------------+


+----------------------------------------------------------------------------------------------------------------+
; Flow Non-Default Global Settings                                                                               ;
+------------------------+--------------------------------------+---------------+-------------------+------------+
; Assignment Name        ; Value                                ; Default Value ; Entity Name       ; Section Id ;
+------------------------+--------------------------------------+---------------+-------------------+------------+
; COMPILER_SIGNATURE_ID  ; 300159283300.177771969729732         ; --            ; --                ; --         ;
; MISC_FILE              ; ../memory/rom_program.mif            ; --            ; --                ; --         ;
; MISC_FILE              ; ../memory/ram_initial.mif            ; --            ; --                ; --         ;
; MISC_FILE              ; ../memory/ram_expected_after_hlt.mif ; --            ; --                ; --         ;
; PARTITION_COLOR        ; 16764057                             ; --            ; microcomputer_top ; Top        ;
; PARTITION_NETLIST_TYPE ; SOURCE                               ; --            ; microcomputer_top ; Top        ;
; TOP_LEVEL_ENTITY       ; microcomputer_top                    ; coursework    ; --                ; --         ;
+------------------------+--------------------------------------+---------------+-------------------+------------+


+-----------------------------------------------------------------------------------------------------------------------------+
; Flow Elapsed Time                                                                                                           ;
+-------------------------+--------------+-------------------------+---------------------+------------------------------------+
; Module Name             ; Elapsed Time ; Average Processors Used ; Peak Virtual Memory ; Total CPU Time (on all processors) ;
+-------------------------+--------------+-------------------------+---------------------+------------------------------------+
; Analysis & Synthesis    ; 00:00:18     ; 1.0                     ; 280 MB              ; 00:00:20                           ;
; Fitter                  ; 00:00:11     ; 1.0                     ; 244 MB              ; 00:00:13                           ;
; Assembler               ; 00:00:01     ; 1.0                     ; 213 MB              ; 00:00:01                           ;
; Classic Timing Analyzer ; 00:00:01     ; 1.0                     ; 200 MB              ; 00:00:02                           ;
; Total                   ; 00:00:31     ; --                      ; --                  ; 00:00:36                           ;
+-------------------------+--------------+-------------------------+---------------------+------------------------------------+


+------------------------------------------------------------------------------------------+
; Flow OS Summary                                                                          ;
+-------------------------+------------------+---------------+------------+----------------+
; Module Name             ; Machine Hostname ; OS Name       ; OS Version ; Processor type ;
+-------------------------+------------------+---------------+------------+----------------+
; Analysis & Synthesis    ; WIN-LOA9MVM5AL7  ; Windows Vista ; 6.2        ; x86_64         ;
; Fitter                  ; WIN-LOA9MVM5AL7  ; Windows Vista ; 6.2        ; x86_64         ;
; Assembler               ; WIN-LOA9MVM5AL7  ; Windows Vista ; 6.2        ; x86_64         ;
; Classic Timing Analyzer ; WIN-LOA9MVM5AL7  ; Windows Vista ; 6.2        ; x86_64         ;
+-------------------------+------------------+---------------+------------+----------------+


------------
; Flow Log ;
------------
quartus_map --read_settings_files=on --write_settings_files=off coursework -c coursework
quartus_fit --read_settings_files=off --write_settings_files=off coursework -c coursework
quartus_asm --read_settings_files=off --write_settings_files=off coursework -c coursework
quartus_tan --read_settings_files=off --write_settings_files=off coursework -c coursework --timing_analysis_only



